<?xml version="1.0" encoding="UTF-8"?>
<testsuite xmlns:xsi="http://www.w3.org/2001/XMLSchema-instance" xsi:noNamespaceSchemaLocation="https://maven.apache.org/surefire/maven-surefire-plugin/xsd/surefire-test-report-3.0.xsd" version="3.0" name="nix.DataTest" time="0.188" tests="7" errors="0" skipped="0" failures="0">
  <properties>
[...]
</properties>
  <testcase name="checkQuickSorting" classname="nix.DataTest" time="0.078"/>
  <testcase name="checkMergeSorting" classname="nix.DataTest" time="0.016"/>
  <testcase name="checkBubbleSorting" classname="nix.DataTest" time="0.016"/>
  <testcase name="checkShellSorting" classname="nix.DataTest" time="0"/>
  <testcase name="checkShuttleSorting" classname="nix.DataTest" time="0.015"/>
  <testcase name="checkInsertionSorting" classname="nix.DataTest" time="0"/>
  <testcase name="checkSelectionSorting" classname="nix.DataTest" time="0.016"/>
</testsuite>